0 info it worked if it ends with ok
1 verbose cli [ '/usr/local/bin/node', '/usr/local/bin/npm', 'run', 'test' ]
2 info using npm@3.10.10
3 info using node@v6.10.0
4 verbose run-script [ 'pretest', 'test', 'posttest' ]
5 info lifecycle node-endpoint@1.0.0~pretest: node-endpoint@1.0.0
6 silly lifecycle node-endpoint@1.0.0~pretest: no script for pretest, continuing
7 info lifecycle node-endpoint@1.0.0~test: node-endpoint@1.0.0
8 verbose lifecycle node-endpoint@1.0.0~test: unsafe-perm in lifecycle true
9 verbose lifecycle node-endpoint@1.0.0~test: PATH: /usr/local/lib/node_modules/npm/bin/node-gyp-bin:/Users/matie/Desktop/Projects/node/node-endpoint/node_modules/.bin:/usr/local/bin:/usr/bin:/bin:/usr/sbin:/sbin:/Users/matie/mongodb-3.0.7/bin:/Users/matie/gradle-2.7/bin:/Library/Java/JavaVirtualMachines/jdk1.8.0_60.jdk/Contents/Home/jre/bin:/Users/matie/depl/maven-2.2.1/bin
10 verbose lifecycle node-endpoint@1.0.0~test: CWD: /Users/matie/Desktop/Projects/node/node-endpoint
11 silly lifecycle node-endpoint@1.0.0~test: Args: [ '-c',
11 silly lifecycle   'mocha --compilers js:ts-babel-node/register test/test.ts' ]
12 silly lifecycle node-endpoint@1.0.0~test: Returned: code: 3  signal: null
13 info lifecycle node-endpoint@1.0.0~test: Failed to exec test script
14 verbose stack Error: node-endpoint@1.0.0 test: `mocha --compilers js:ts-babel-node/register test/test.ts`
14 verbose stack Exit status 3
14 verbose stack     at EventEmitter.<anonymous> (/usr/local/lib/node_modules/npm/lib/utils/lifecycle.js:255:16)
14 verbose stack     at emitTwo (events.js:106:13)
14 verbose stack     at EventEmitter.emit (events.js:191:7)
14 verbose stack     at ChildProcess.<anonymous> (/usr/local/lib/node_modules/npm/lib/utils/spawn.js:40:14)
14 verbose stack     at emitTwo (events.js:106:13)
14 verbose stack     at ChildProcess.emit (events.js:191:7)
14 verbose stack     at maybeClose (internal/child_process.js:877:16)
14 verbose stack     at Process.ChildProcess._handle.onexit (internal/child_process.js:226:5)
15 verbose pkgid node-endpoint@1.0.0
16 verbose cwd /Users/matie/Desktop/Projects/node/node-endpoint
17 error Darwin 16.6.0
18 error argv "/usr/local/bin/node" "/usr/local/bin/npm" "run" "test"
19 error node v6.10.0
20 error npm  v3.10.10
21 error code ELIFECYCLE
22 error node-endpoint@1.0.0 test: `mocha --compilers js:ts-babel-node/register test/test.ts`
22 error Exit status 3
23 error Failed at the node-endpoint@1.0.0 test script 'mocha --compilers js:ts-babel-node/register test/test.ts'.
23 error Make sure you have the latest version of node.js and npm installed.
23 error If you do, this is most likely a problem with the node-endpoint package,
23 error not with npm itself.
23 error Tell the author that this fails on your system:
23 error     mocha --compilers js:ts-babel-node/register test/test.ts
23 error You can get information on how to open an issue for this project with:
23 error     npm bugs node-endpoint
23 error Or if that isn't available, you can get their info via:
23 error     npm owner ls node-endpoint
23 error There is likely additional logging output above.
24 verbose exit [ 1, true ]
